<?xml version="1.0" encoding="utf-8"?>
<TestRun id="e1d2c6b0-92fc-4a9e-9821-17f366a363f5" name="solti@CHONYA-PC 2026-06-07 01:20:15" runUser="CHONYA-PC\solti" xmlns="http://microsoft.com/schemas/VisualStudio/TeamTest/2010">
  <Times creation="2026-06-07T01:20:15.4690811+02:00" queuing="2026-06-07T01:20:15.4690814+02:00" start="2026-06-07T01:20:15.0199520+02:00" finish="2026-06-07T01:20:15.4945600+02:00" />
  <TestSettings name="default" id="89736164-0d51-43b3-9923-8b8e979015ed">
    <Deployment runDeploymentRoot="solti_CHONYA-PC_2026-06-07_01_20_15" />
  </TestSettings>
  <Results>
    <UnitTestResult executionId="304e20bd-a8e9-455a-954f-2d040b66a517" testId="c9324bc2-ede8-3da2-4f1f-f881511a7e26" testName="Dashboard.Tests.Providers.PoliticsProviderTests.ValidateResponse_ReturnsFalse_ForWrongData" computerName="CHONYA-PC" duration="00:00:00.0001121" startTime="2026-06-07T01:20:15.4459996+02:00" endTime="2026-06-07T01:20:15.4459997+02:00" testType="13cdc9d9-ddb5-4fa4-a97d-d965ccfc6d4b" outcome="Passed" testListId="8c84fa94-04c1-424b-9868-57a2d4851a1d" relativeResultsDirectory="304e20bd-a8e9-455a-954f-2d040b66a517" />
    <UnitTestResult executionId="a89c1783-2eee-4c4a-8d44-f1807829f52c" testId="eb4aa4c7-b63f-d55e-2f88-d649f72b82b3" testName="Dashboard.Tests.Core.DataSourceTests.GetCacheKey_UsesCategoryAndId" computerName="CHONYA-PC" duration="00:00:00.0001285" startTime="2026-06-07T01:20:15.4445650+02:00" endTime="2026-06-07T01:20:15.4445650+02:00" testType="13cdc9d9-ddb5-4fa4-a97d-d965ccfc6d4b" outcome="Passed" testListId="8c84fa94-04c1-424b-9868-57a2d4851a1d" relativeResultsDirectory="a89c1783-2eee-4c4a-8d44-f1807829f52c" />
    <UnitTestResult executionId="d6982d70-1f7b-489f-8ff8-8827a9668f86" testId="644590e9-5d45-136f-6b4f-19049d33c132" testName="Dashboard.Tests.Providers.FinanceProviderTests.ValidateResponse_ReturnsFalse_ForWrongShape" computerName="CHONYA-PC" duration="00:00:00.0001072" startTime="2026-06-07T01:20:15.4458584+02:00" endTime="2026-06-07T01:20:15.4458585+02:00" testType="13cdc9d9-ddb5-4fa4-a97d-d965ccfc6d4b" outcome="Passed" testListId="8c84fa94-04c1-424b-9868-57a2d4851a1d" relativeResultsDirectory="d6982d70-1f7b-489f-8ff8-8827a9668f86" />
    <UnitTestResult executionId="00285fae-ab08-4ca7-9423-5ed99b93dcbe" testId="80693743-6a9f-8f6a-8b6b-d07f4cb26ec6" testName="Dashboard.Tests.Providers.MusicProviderTests.FetchDataAsync_CalculatesTotalStreams" computerName="CHONYA-PC" duration="00:00:00.0069206" startTime="2026-06-07T01:20:15.4459211+02:00" endTime="2026-06-07T01:20:15.4459212+02:00" testType="13cdc9d9-ddb5-4fa4-a97d-d965ccfc6d4b" outcome="Passed" testListId="8c84fa94-04c1-424b-9868-57a2d4851a1d" relativeResultsDirectory="00285fae-ab08-4ca7-9423-5ed99b93dcbe" />
    <UnitTestResult executionId="f884febf-4633-4c8e-885e-75bbd6001b0a" testId="6f3b79d1-a234-4664-5323-67656e260e34" testName="Dashboard.Tests.Providers.MusicProviderTests.Metadata_IsCorrect" computerName="CHONYA-PC" duration="00:00:00.0001532" startTime="2026-06-07T01:20:15.4460661+02:00" endTime="2026-06-07T01:20:15.4460662+02:00" testType="13cdc9d9-ddb5-4fa4-a97d-d965ccfc6d4b" outcome="Passed" testListId="8c84fa94-04c1-424b-9868-57a2d4851a1d" relativeResultsDirectory="f884febf-4633-4c8e-885e-75bbd6001b0a" />
    <UnitTestResult executionId="fa6aecb0-0875-436e-81d4-cce372acf706" testId="74fe8ca2-6f8c-1b3a-2909-10731f5d7ff8" testName="Dashboard.Tests.Core.DataSourceTests.BaseDataSource_StoresProviderMetadata" computerName="CHONYA-PC" duration="00:00:00.0024107" startTime="2026-06-07T01:20:15.4269893+02:00" endTime="2026-06-07T01:20:15.4269893+02:00" testType="13cdc9d9-ddb5-4fa4-a97d-d965ccfc6d4b" outcome="Passed" testListId="8c84fa94-04c1-424b-9868-57a2d4851a1d" relativeResultsDirectory="fa6aecb0-0875-436e-81d4-cce372acf706" />
    <UnitTestResult executionId="a76e3ae0-37f9-4d5f-9874-9043a98cd6e1" testId="8d3780af-5374-fae1-9a28-69e20d66eb0f" testName="Dashboard.Tests.Providers.YouTubeProviderTests.BuildUrl_ContainsAllChannelIdsAndApiKey" computerName="CHONYA-PC" duration="00:00:00.0024518" startTime="2026-06-07T01:20:15.4269781+02:00" endTime="2026-06-07T01:20:15.4269781+02:00" testType="13cdc9d9-ddb5-4fa4-a97d-d965ccfc6d4b" outcome="Passed" testListId="8c84fa94-04c1-424b-9868-57a2d4851a1d" relativeResultsDirectory="a76e3ae0-37f9-4d5f-9874-9043a98cd6e1" />
    <UnitTestResult executionId="58a5b72f-3689-4be1-9ad3-584c026952b0" testId="3dcf526e-2a65-048b-9fbe-b89c649be376" testName="Dashboard.Tests.Providers.SteamProviderTests.ValidateResponse_ReturnsFalse_ForInvalidData" computerName="CHONYA-PC" duration="00:00:00.0002297" startTime="2026-06-07T01:20:15.4447168+02:00" endTime="2026-06-07T01:20:15.4447168+02:00" testType="13cdc9d9-ddb5-4fa4-a97d-d965ccfc6d4b" outcome="Passed" testListId="8c84fa94-04c1-424b-9868-57a2d4851a1d" relativeResultsDirectory="58a5b72f-3689-4be1-9ad3-584c026952b0" />
    <UnitTestResult executionId="608f7bb6-c110-421e-953b-a9e023e94b29" testId="901dfe9e-6a14-37fa-d122-a9fc520b4902" testName="Dashboard.Tests.Providers.PoliticsProviderTests.ValidateResponse_ReturnsTrue_ForPoliticsData" computerName="CHONYA-PC" duration="00:00:00.0024597" startTime="2026-06-07T01:20:15.4269969+02:00" endTime="2026-06-07T01:20:15.4269969+02:00" testType="13cdc9d9-ddb5-4fa4-a97d-d965ccfc6d4b" outcome="Passed" testListId="8c84fa94-04c1-424b-9868-57a2d4851a1d" relativeResultsDirectory="608f7bb6-c110-421e-953b-a9e023e94b29" />
    <UnitTestResult executionId="1cb4b85d-47d9-4f51-9c8f-ef5e235c46e3" testId="671968bc-c78b-e643-8133-bf2fffe23208" testName="Dashboard.Tests.Providers.SteamProviderTests.Constructor_StoresAppIdInRequestUrl" computerName="CHONYA-PC" duration="00:00:00.0024258" startTime="2026-06-07T01:20:15.4248253+02:00" endTime="2026-06-07T01:20:15.4248380+02:00" testType="13cdc9d9-ddb5-4fa4-a97d-d965ccfc6d4b" outcome="Passed" testListId="8c84fa94-04c1-424b-9868-57a2d4851a1d" relativeResultsDirectory="1cb4b85d-47d9-4f51-9c8f-ef5e235c46e3" />
    <UnitTestResult executionId="67d910b5-8b56-45b0-9ff0-87c78f8c8994" testId="166d8149-63f4-76ab-12b1-b1b7f5d8a5ba" testName="Dashboard.Tests.Core.DashboardManagerTests.FetchAllData_ReturnsDataFromEveryValidProvider" computerName="CHONYA-PC" duration="00:00:00.0003494" startTime="2026-06-07T01:20:15.4467159+02:00" endTime="2026-06-07T01:20:15.4467159+02:00" testType="13cdc9d9-ddb5-4fa4-a97d-d965ccfc6d4b" outcome="Passed" testListId="8c84fa94-04c1-424b-9868-57a2d4851a1d" relativeResultsDirectory="67d910b5-8b56-45b0-9ff0-87c78f8c8994" />
    <UnitTestResult executionId="2be8c549-95ea-4326-9c21-64b1e5ca56b8" testId="5868f306-7c5e-3784-d77b-c5772359f220" testName="Dashboard.Tests.Providers.MusicProviderTests.FetchDataAsync_AssignsRanksStartingFromOne" computerName="CHONYA-PC" duration="00:00:00.0002838" startTime="2026-06-07T01:20:15.4464685+02:00" endTime="2026-06-07T01:20:15.4464686+02:00" testType="13cdc9d9-ddb5-4fa4-a97d-d965ccfc6d4b" outcome="Passed" testListId="8c84fa94-04c1-424b-9868-57a2d4851a1d" relativeResultsDirectory="2be8c549-95ea-4326-9c21-64b1e5ca56b8" />
    <UnitTestResult executionId="f40faf1a-c644-405a-b350-26e33291975a" testId="f7894cd8-0272-bb2b-ffec-13da05b6b696" testName="Dashboard.Tests.Providers.FinanceProviderTests.ValidateResponse_ReturnsTrue_ForFinanceData" computerName="CHONYA-PC" duration="00:00:00.0024728" startTime="2026-06-07T01:20:15.4270109+02:00" endTime="2026-06-07T01:20:15.4270109+02:00" testType="13cdc9d9-ddb5-4fa4-a97d-d965ccfc6d4b" outcome="Passed" testListId="8c84fa94-04c1-424b-9868-57a2d4851a1d" relativeResultsDirectory="f40faf1a-c644-405a-b350-26e33291975a" />
    <UnitTestResult executionId="9091e82f-530c-416a-8215-823dbe71da68" testId="8d2396a6-f5bf-b828-0ba4-e25f8f701929" testName="Dashboard.Tests.Core.DashboardManagerTests.FetchAllData_SkipsProvider_WhenValidationFailsAndNoCacheExists" computerName="CHONYA-PC" duration="00:00:00.0039090" startTime="2026-06-07T01:20:15.4465775+02:00" endTime="2026-06-07T01:20:15.4465776+02:00" testType="13cdc9d9-ddb5-4fa4-a97d-d965ccfc6d4b" outcome="Passed" testListId="8c84fa94-04c1-424b-9868-57a2d4851a1d" relativeResultsDirectory="9091e82f-530c-416a-8215-823dbe71da68" />
    <UnitTestResult executionId="9070bcc9-19e8-4dc7-925b-0e6b6baaac36" testId="bad5fbd0-13fd-09bb-256e-bffbfd57de78" testName="Dashboard.Tests.Core.DashboardManagerTests.GetProvidersByCategory_ReturnsOnlyMatchingProviders" computerName="CHONYA-PC" duration="00:00:00.0013213" startTime="2026-06-07T01:20:15.4466468+02:00" endTime="2026-06-07T01:20:15.4466468+02:00" testType="13cdc9d9-ddb5-4fa4-a97d-d965ccfc6d4b" outcome="Passed" testListId="8c84fa94-04c1-424b-9868-57a2d4851a1d" relativeResultsDirectory="9070bcc9-19e8-4dc7-925b-0e6b6baaac36" />
    <UnitTestResult executionId="d7e3ef17-1be4-4b52-a427-48dc94203732" testId="d623dd94-12ec-1dd1-b1ce-21740b2aec3b" testName="Dashboard.Tests.Providers.SteamProviderTests.ValidateResponse_ReturnsTrue_ForSteamPlayerData" computerName="CHONYA-PC" duration="00:00:00.0000903" startTime="2026-06-07T01:20:15.4447400+02:00" endTime="2026-06-07T01:20:15.4447400+02:00" testType="13cdc9d9-ddb5-4fa4-a97d-d965ccfc6d4b" outcome="Passed" testListId="8c84fa94-04c1-424b-9868-57a2d4851a1d" relativeResultsDirectory="d7e3ef17-1be4-4b52-a427-48dc94203732" />
    <UnitTestResult executionId="f3f86537-f78c-4b02-9bca-9e95401c674a" testId="12ce8cb2-9228-b3eb-d2e3-7bc6295abbc4" testName="Dashboard.Tests.Providers.PoliticsProviderTests.Metadata_IsCorrect" computerName="CHONYA-PC" duration="00:00:00.0001591" startTime="2026-06-07T01:20:15.4446702+02:00" endTime="2026-06-07T01:20:15.4446702+02:00" testType="13cdc9d9-ddb5-4fa4-a97d-d965ccfc6d4b" outcome="Passed" testListId="8c84fa94-04c1-424b-9868-57a2d4851a1d" relativeResultsDirectory="f3f86537-f78c-4b02-9bca-9e95401c674a" />
    <UnitTestResult executionId="054530db-122a-4b4d-aaa2-55ee2c70bea2" testId="de4242e7-e4b3-35c0-42aa-95f5cf0edc51" testName="Dashboard.Tests.Core.DashboardManagerTests.FetchByProviderId_ReturnsNull_WhenProviderDoesNotExist" computerName="CHONYA-PC" duration="00:00:00.0022351" startTime="2026-06-07T01:20:15.4266938+02:00" endTime="2026-06-07T01:20:15.4266939+02:00" testType="13cdc9d9-ddb5-4fa4-a97d-d965ccfc6d4b" outcome="Passed" testListId="8c84fa94-04c1-424b-9868-57a2d4851a1d" relativeResultsDirectory="054530db-122a-4b4d-aaa2-55ee2c70bea2" />
    <UnitTestResult executionId="d8794444-6599-4f52-b72c-8cbb2c70ee3e" testId="84df0011-bcea-f8cd-346f-e672407770d6" testName="Dashboard.Tests.Providers.YouTubeProviderTests.ValidateResponse_ReturnsFalse_ForEmptyObject" computerName="CHONYA-PC" duration="00:00:00.0001104" startTime="2026-06-07T01:20:15.4465073+02:00" endTime="2026-06-07T01:20:15.4465074+02:00" testType="13cdc9d9-ddb5-4fa4-a97d-d965ccfc6d4b" outcome="Passed" testListId="8c84fa94-04c1-424b-9868-57a2d4851a1d" relativeResultsDirectory="d8794444-6599-4f52-b72c-8cbb2c70ee3e" />
    <UnitTestResult executionId="a84ae000-ed1d-4a24-8e47-4ced8e7ab2ae" testId="063a29c4-31c5-8a5c-5384-26a2650c2000" testName="Dashboard.Tests.Providers.SteamProviderTests.Metadata_IsCorrect" computerName="CHONYA-PC" duration="00:00:00.0001514" startTime="2026-06-07T01:20:15.4445906+02:00" endTime="2026-06-07T01:20:15.4445906+02:00" testType="13cdc9d9-ddb5-4fa4-a97d-d965ccfc6d4b" outcome="Passed" testListId="8c84fa94-04c1-424b-9868-57a2d4851a1d" relativeResultsDirectory="a84ae000-ed1d-4a24-8e47-4ced8e7ab2ae" />
    <UnitTestResult executionId="14ff46a7-aa74-4036-ad77-c238b3113487" testId="31bdbb36-6dc5-3813-6d3c-2bfb8206449d" testName="Dashboard.Tests.Providers.PoliticsProviderTests.FetchDataAsync_ReturnsFallbackPresentationData" computerName="CHONYA-PC" duration="00:00:00.0024904" startTime="2026-06-07T01:20:15.4459608+02:00" endTime="2026-06-07T01:20:15.4459608+02:00" testType="13cdc9d9-ddb5-4fa4-a97d-d965ccfc6d4b" outcome="Passed" testListId="8c84fa94-04c1-424b-9868-57a2d4851a1d" relativeResultsDirectory="14ff46a7-aa74-4036-ad77-c238b3113487" />
    <UnitTestResult executionId="aff5f291-a6db-4cb5-8a60-4d1bc6b19f8f" testId="1310a269-6192-0d53-350e-da87caefcf7c" testName="Dashboard.Tests.Providers.MusicProviderTests.FetchDataAsync_SortsByTotalStreamsDescending" computerName="CHONYA-PC" duration="00:00:00.0004123" startTime="2026-06-07T01:20:15.4460259+02:00" endTime="2026-06-07T01:20:15.4460259+02:00" testType="13cdc9d9-ddb5-4fa4-a97d-d965ccfc6d4b" outcome="Passed" testListId="8c84fa94-04c1-424b-9868-57a2d4851a1d" relativeResultsDirectory="aff5f291-a6db-4cb5-8a60-4d1bc6b19f8f" />
    <UnitTestResult executionId="a7c6ff1e-58ab-40f8-892f-819ffae57c77" testId="5eaeaea9-9101-0c91-8c13-34b75c7200cc" testName="Dashboard.Tests.Core.DataSourceTests.FetchDataAsync_ReturnsConfiguredData" computerName="CHONYA-PC" duration="00:00:00.0005495" startTime="2026-06-07T01:20:15.4447506+02:00" endTime="2026-06-07T01:20:15.4447506+02:00" testType="13cdc9d9-ddb5-4fa4-a97d-d965ccfc6d4b" outcome="Passed" testListId="8c84fa94-04c1-424b-9868-57a2d4851a1d" relativeResultsDirectory="a7c6ff1e-58ab-40f8-892f-819ffae57c77" />
    <UnitTestResult executionId="7cf221c4-00de-4564-9269-ad3b66f1fd4d" testId="253a5782-dd78-2fea-0589-a87a5bed0cde" testName="Dashboard.Tests.Core.DashboardManagerTests.FetchByProviderId_ReturnsProviderData_WhenProviderExists" computerName="CHONYA-PC" duration="00:00:00.0139160" startTime="2026-06-07T01:20:15.4466803+02:00" endTime="2026-06-07T01:20:15.4466803+02:00" testType="13cdc9d9-ddb5-4fa4-a97d-d965ccfc6d4b" outcome="Passed" testListId="8c84fa94-04c1-424b-9868-57a2d4851a1d" relativeResultsDirectory="7cf221c4-00de-4564-9269-ad3b66f1fd4d" />
    <UnitTestResult executionId="dd5dcb89-fbd7-4885-a394-e4725c4b36c1" testId="b45f99ce-fe6f-09bd-7879-db63b6630957" testName="Dashboard.Tests.Providers.MusicProviderTests.ValidateResponse_ReturnsFalse_ForEmptyList" computerName="CHONYA-PC" duration="00:00:00.0001287" startTime="2026-06-07T01:20:15.4465414+02:00" endTime="2026-06-07T01:20:15.4465415+02:00" testType="13cdc9d9-ddb5-4fa4-a97d-d965ccfc6d4b" outcome="Passed" testListId="8c84fa94-04c1-424b-9868-57a2d4851a1d" relativeResultsDirectory="dd5dcb89-fbd7-4885-a394-e4725c4b36c1" />
    <UnitTestResult executionId="fe88ac73-e4a9-4f90-8a05-3634f5334e1c" testId="3d1b9bb1-bdea-77ca-b6f8-397c192ef85a" testName="Dashboard.Tests.Providers.FinanceProviderTests.Metadata_IsCorrect" computerName="CHONYA-PC" duration="00:00:00.0001546" startTime="2026-06-07T01:20:15.4457650+02:00" endTime="2026-06-07T01:20:15.4457650+02:00" testType="13cdc9d9-ddb5-4fa4-a97d-d965ccfc6d4b" outcome="Passed" testListId="8c84fa94-04c1-424b-9868-57a2d4851a1d" relativeResultsDirectory="fe88ac73-e4a9-4f90-8a05-3634f5334e1c" />
    <UnitTestResult executionId="3018b1ed-8501-4774-9c0a-70fa705e9b39" testId="e0a0e43c-5604-1ff1-dad5-14ca5a2bda7d" testName="Dashboard.Tests.Providers.YouTubeProviderTests.ParseItems_MapsStatisticsToChannelNames" computerName="CHONYA-PC" duration="00:00:00.0032932" startTime="2026-06-07T01:20:15.4461043+02:00" endTime="2026-06-07T01:20:15.4461043+02:00" testType="13cdc9d9-ddb5-4fa4-a97d-d965ccfc6d4b" outcome="Passed" testListId="8c84fa94-04c1-424b-9868-57a2d4851a1d" relativeResultsDirectory="3018b1ed-8501-4774-9c0a-70fa705e9b39" />
    <UnitTestResult executionId="845a1887-157c-4478-9f2f-bc35f4467fa7" testId="75b8c44d-ddf7-8b1b-3268-03539f7d8676" testName="Dashboard.Tests.Providers.YouTubeProviderTests.FetchDataAsync_ReturnsMockStatsForEveryChannel" computerName="CHONYA-PC" duration="00:00:00.0004818" startTime="2026-06-07T01:20:15.4466185+02:00" endTime="2026-06-07T01:20:15.4466185+02:00" testType="13cdc9d9-ddb5-4fa4-a97d-d965ccfc6d4b" outcome="Passed" testListId="8c84fa94-04c1-424b-9868-57a2d4851a1d" relativeResultsDirectory="845a1887-157c-4478-9f2f-bc35f4467fa7" />
    <UnitTestResult executionId="e0c6b9fe-764f-4f3b-95ae-bca8d2f3ebb3" testId="d2df278f-1095-33e6-9ef0-d986d9d40d42" testName="Dashboard.Tests.Providers.YouTubeProviderTests.Metadata_IsCorrect" computerName="CHONYA-PC" duration="00:00:00.0001313" startTime="2026-06-07T01:20:15.4464221+02:00" endTime="2026-06-07T01:20:15.4464222+02:00" testType="13cdc9d9-ddb5-4fa4-a97d-d965ccfc6d4b" outcome="Passed" testListId="8c84fa94-04c1-424b-9868-57a2d4851a1d" relativeResultsDirectory="e0c6b9fe-764f-4f3b-95ae-bca8d2f3ebb3" />
    <UnitTestResult executionId="4bbc8b41-7267-4740-803f-c56ba099fd3a" testId="a2805fe4-9180-177c-a879-20163b1fc1d6" testName="Dashboard.Tests.Providers.FinanceProviderTests.FetchDataAsync_ReturnsCryptoAndCurrencyData" computerName="CHONYA-PC" duration="00:00:00.0008602" startTime="2026-06-07T01:20:15.4447648+02:00" endTime="2026-06-07T01:20:15.4447649+02:00" testType="13cdc9d9-ddb5-4fa4-a97d-d965ccfc6d4b" outcome="Passed" testListId="8c84fa94-04c1-424b-9868-57a2d4851a1d" relativeResultsDirectory="4bbc8b41-7267-4740-803f-c56ba099fd3a" />
  </Results>
  <TestDefinitions>
    <UnitTest name="Dashboard.Tests.Providers.SteamProviderTests.Constructor_StoresAppIdInRequestUrl" storage="f:\repos\school\ikt-neu-royaleteam-worldwidedashboard\tests\dashboard.tests\bin\debug\net8.0\dashboard.tests.dll" id="671968bc-c78b-e643-8133-bf2fffe23208">
      <Execution id="1cb4b85d-47d9-4f51-9c8f-ef5e235c46e3" />
      <TestMethod codeBase="F:\REPOS\SCHOOL\ikt-neu-royaleteam-worldwidedashboard\tests\Dashboard.Tests\bin\Debug\net8.0\Dashboard.Tests.dll" adapterTypeName="executor://xunit/VsTestRunner2/netcoreapp" className="Dashboard.Tests.Providers.SteamProviderTests" name="Constructor_StoresAppIdInRequestUrl" />
    </UnitTest>
    <UnitTest name="Dashboard.Tests.Providers.MusicProviderTests.FetchDataAsync_SortsByTotalStreamsDescending" storage="f:\repos\school\ikt-neu-royaleteam-worldwidedashboard\tests\dashboard.tests\bin\debug\net8.0\dashboard.tests.dll" id="1310a269-6192-0d53-350e-da87caefcf7c">
      <Execution id="aff5f291-a6db-4cb5-8a60-4d1bc6b19f8f" />
      <TestMethod codeBase="F:\REPOS\SCHOOL\ikt-neu-royaleteam-worldwidedashboard\tests\Dashboard.Tests\bin\Debug\net8.0\Dashboard.Tests.dll" adapterTypeName="executor://xunit/VsTestRunner2/netcoreapp" className="Dashboard.Tests.Providers.MusicProviderTests" name="FetchDataAsync_SortsByTotalStreamsDescending" />
    </UnitTest>
    <UnitTest name="Dashboard.Tests.Providers.FinanceProviderTests.ValidateResponse_ReturnsFalse_ForWrongShape" storage="f:\repos\school\ikt-neu-royaleteam-worldwidedashboard\tests\dashboard.tests\bin\debug\net8.0\dashboard.tests.dll" id="644590e9-5d45-136f-6b4f-19049d33c132">
      <Execution id="d6982d70-1f7b-489f-8ff8-8827a9668f86" />
      <TestMethod codeBase="F:\REPOS\SCHOOL\ikt-neu-royaleteam-worldwidedashboard\tests\Dashboard.Tests\bin\Debug\net8.0\Dashboard.Tests.dll" adapterTypeName="executor://xunit/VsTestRunner2/netcoreapp" className="Dashboard.Tests.Providers.FinanceProviderTests" name="ValidateResponse_ReturnsFalse_ForWrongShape" />
    </UnitTest>
    <UnitTest name="Dashboard.Tests.Providers.YouTubeProviderTests.ParseItems_MapsStatisticsToChannelNames" storage="f:\repos\school\ikt-neu-royaleteam-worldwidedashboard\tests\dashboard.tests\bin\debug\net8.0\dashboard.tests.dll" id="e0a0e43c-5604-1ff1-dad5-14ca5a2bda7d">
      <Execution id="3018b1ed-8501-4774-9c0a-70fa705e9b39" />
      <TestMethod codeBase="F:\REPOS\SCHOOL\ikt-neu-royaleteam-worldwidedashboard\tests\Dashboard.Tests\bin\Debug\net8.0\Dashboard.Tests.dll" adapterTypeName="executor://xunit/VsTestRunner2/netcoreapp" className="Dashboard.Tests.Providers.YouTubeProviderTests" name="ParseItems_MapsStatisticsToChannelNames" />
    </UnitTest>
    <UnitTest name="Dashboard.Tests.Providers.PoliticsProviderTests.ValidateResponse_ReturnsFalse_ForWrongData" storage="f:\repos\school\ikt-neu-royaleteam-worldwidedashboard\tests\dashboard.tests\bin\debug\net8.0\dashboard.tests.dll" id="c9324bc2-ede8-3da2-4f1f-f881511a7e26">
      <Execution id="304e20bd-a8e9-455a-954f-2d040b66a517" />
      <TestMethod codeBase="F:\REPOS\SCHOOL\ikt-neu-royaleteam-worldwidedashboard\tests\Dashboard.Tests\bin\Debug\net8.0\Dashboard.Tests.dll" adapterTypeName="executor://xunit/VsTestRunner2/netcoreapp" className="Dashboard.Tests.Providers.PoliticsProviderTests" name="ValidateResponse_ReturnsFalse_ForWrongData" />
    </UnitTest>
    <UnitTest name="Dashboard.Tests.Providers.PoliticsProviderTests.Metadata_IsCorrect" storage="f:\repos\school\ikt-neu-royaleteam-worldwidedashboard\tests\dashboard.tests\bin\debug\net8.0\dashboard.tests.dll" id="12ce8cb2-9228-b3eb-d2e3-7bc6295abbc4">
      <Execution id="f3f86537-f78c-4b02-9bca-9e95401c674a" />
      <TestMethod codeBase="F:\REPOS\SCHOOL\ikt-neu-royaleteam-worldwidedashboard\tests\Dashboard.Tests\bin\Debug\net8.0\Dashboard.Tests.dll" adapterTypeName="executor://xunit/VsTestRunner2/netcoreapp" className="Dashboard.Tests.Providers.PoliticsProviderTests" name="Metadata_IsCorrect" />
    </UnitTest>
    <UnitTest name="Dashboard.Tests.Providers.MusicProviderTests.FetchDataAsync_CalculatesTotalStreams" storage="f:\repos\school\ikt-neu-royaleteam-worldwidedashboard\tests\dashboard.tests\bin\debug\net8.0\dashboard.tests.dll" id="80693743-6a9f-8f6a-8b6b-d07f4cb26ec6">
      <Execution id="00285fae-ab08-4ca7-9423-5ed99b93dcbe" />
      <TestMethod codeBase="F:\REPOS\SCHOOL\ikt-neu-royaleteam-worldwidedashboard\tests\Dashboard.Tests\bin\Debug\net8.0\Dashboard.Tests.dll" adapterTypeName="executor://xunit/VsTestRunner2/netcoreapp" className="Dashboard.Tests.Providers.MusicProviderTests" name="FetchDataAsync_CalculatesTotalStreams" />
    </UnitTest>
    <UnitTest name="Dashboard.Tests.Providers.MusicProviderTests.ValidateResponse_ReturnsFalse_ForEmptyList" storage="f:\repos\school\ikt-neu-royaleteam-worldwidedashboard\tests\dashboard.tests\bin\debug\net8.0\dashboard.tests.dll" id="b45f99ce-fe6f-09bd-7879-db63b6630957">
      <Execution id="dd5dcb89-fbd7-4885-a394-e4725c4b36c1" />
      <TestMethod codeBase="F:\REPOS\SCHOOL\ikt-neu-royaleteam-worldwidedashboard\tests\Dashboard.Tests\bin\Debug\net8.0\Dashboard.Tests.dll" adapterTypeName="executor://xunit/VsTestRunner2/netcoreapp" className="Dashboard.Tests.Providers.MusicProviderTests" name="ValidateResponse_ReturnsFalse_ForEmptyList" />
    </UnitTest>
    <UnitTest name="Dashboard.Tests.Core.DashboardManagerTests.FetchAllData_ReturnsDataFromEveryValidProvider" storage="f:\repos\school\ikt-neu-royaleteam-worldwidedashboard\tests\dashboard.tests\bin\debug\net8.0\dashboard.tests.dll" id="166d8149-63f4-76ab-12b1-b1b7f5d8a5ba">
      <Execution id="67d910b5-8b56-45b0-9ff0-87c78f8c8994" />
      <TestMethod codeBase="F:\REPOS\SCHOOL\ikt-neu-royaleteam-worldwidedashboard\tests\Dashboard.Tests\bin\Debug\net8.0\Dashboard.Tests.dll" adapterTypeName="executor://xunit/VsTestRunner2/netcoreapp" className="Dashboard.Tests.Core.DashboardManagerTests" name="FetchAllData_ReturnsDataFromEveryValidProvider" />
    </UnitTest>
    <UnitTest name="Dashboard.Tests.Providers.PoliticsProviderTests.ValidateResponse_ReturnsTrue_ForPoliticsData" storage="f:\repos\school\ikt-neu-royaleteam-worldwidedashboard\tests\dashboard.tests\bin\debug\net8.0\dashboard.tests.dll" id="901dfe9e-6a14-37fa-d122-a9fc520b4902">
      <Execution id="608f7bb6-c110-421e-953b-a9e023e94b29" />
      <TestMethod codeBase="F:\REPOS\SCHOOL\ikt-neu-royaleteam-worldwidedashboard\tests\Dashboard.Tests\bin\Debug\net8.0\Dashboard.Tests.dll" adapterTypeName="executor://xunit/VsTestRunner2/netcoreapp" className="Dashboard.Tests.Providers.PoliticsProviderTests" name="ValidateResponse_ReturnsTrue_ForPoliticsData" />
    </UnitTest>
    <UnitTest name="Dashboard.Tests.Providers.YouTubeProviderTests.FetchDataAsync_ReturnsMockStatsForEveryChannel" storage="f:\repos\school\ikt-neu-royaleteam-worldwidedashboard\tests\dashboard.tests\bin\debug\net8.0\dashboard.tests.dll" id="75b8c44d-ddf7-8b1b-3268-03539f7d8676">
      <Execution id="845a1887-157c-4478-9f2f-bc35f4467fa7" />
      <TestMethod codeBase="F:\REPOS\SCHOOL\ikt-neu-royaleteam-worldwidedashboard\tests\Dashboard.Tests\bin\Debug\net8.0\Dashboard.Tests.dll" adapterTypeName="executor://xunit/VsTestRunner2/netcoreapp" className="Dashboard.Tests.Providers.YouTubeProviderTests" name="FetchDataAsync_ReturnsMockStatsForEveryChannel" />
    </UnitTest>
    <UnitTest name="Dashboard.Tests.Core.DataSourceTests.GetCacheKey_UsesCategoryAndId" storage="f:\repos\school\ikt-neu-royaleteam-worldwidedashboard\tests\dashboard.tests\bin\debug\net8.0\dashboard.tests.dll" id="eb4aa4c7-b63f-d55e-2f88-d649f72b82b3">
      <Execution id="a89c1783-2eee-4c4a-8d44-f1807829f52c" />
      <TestMethod codeBase="F:\REPOS\SCHOOL\ikt-neu-royaleteam-worldwidedashboard\tests\Dashboard.Tests\bin\Debug\net8.0\Dashboard.Tests.dll" adapterTypeName="executor://xunit/VsTestRunner2/netcoreapp" className="Dashboard.Tests.Core.DataSourceTests" name="GetCacheKey_UsesCategoryAndId" />
    </UnitTest>
    <UnitTest name="Dashboard.Tests.Core.DataSourceTests.BaseDataSource_StoresProviderMetadata" storage="f:\repos\school\ikt-neu-royaleteam-worldwidedashboard\tests\dashboard.tests\bin\debug\net8.0\dashboard.tests.dll" id="74fe8ca2-6f8c-1b3a-2909-10731f5d7ff8">
      <Execution id="fa6aecb0-0875-436e-81d4-cce372acf706" />
      <TestMethod codeBase="F:\REPOS\SCHOOL\ikt-neu-royaleteam-worldwidedashboard\tests\Dashboard.Tests\bin\Debug\net8.0\Dashboard.Tests.dll" adapterTypeName="executor://xunit/VsTestRunner2/netcoreapp" className="Dashboard.Tests.Core.DataSourceTests" name="BaseDataSource_StoresProviderMetadata" />
    </UnitTest>
    <UnitTest name="Dashboard.Tests.Providers.SteamProviderTests.Metadata_IsCorrect" storage="f:\repos\school\ikt-neu-royaleteam-worldwidedashboard\tests\dashboard.tests\bin\debug\net8.0\dashboard.tests.dll" id="063a29c4-31c5-8a5c-5384-26a2650c2000">
      <Execution id="a84ae000-ed1d-4a24-8e47-4ced8e7ab2ae" />
      <TestMethod codeBase="F:\REPOS\SCHOOL\ikt-neu-royaleteam-worldwidedashboard\tests\Dashboard.Tests\bin\Debug\net8.0\Dashboard.Tests.dll" adapterTypeName="executor://xunit/VsTestRunner2/netcoreapp" className="Dashboard.Tests.Providers.SteamProviderTests" name="Metadata_IsCorrect" />
    </UnitTest>
    <UnitTest name="Dashboard.Tests.Core.DashboardManagerTests.FetchAllData_SkipsProvider_WhenValidationFailsAndNoCacheExists" storage="f:\repos\school\ikt-neu-royaleteam-worldwidedashboard\tests\dashboard.tests\bin\debug\net8.0\dashboard.tests.dll" id="8d2396a6-f5bf-b828-0ba4-e25f8f701929">
      <Execution id="9091e82f-530c-416a-8215-823dbe71da68" />
      <TestMethod codeBase="F:\REPOS\SCHOOL\ikt-neu-royaleteam-worldwidedashboard\tests\Dashboard.Tests\bin\Debug\net8.0\Dashboard.Tests.dll" adapterTypeName="executor://xunit/VsTestRunner2/netcoreapp" className="Dashboard.Tests.Core.DashboardManagerTests" name="FetchAllData_SkipsProvider_WhenValidationFailsAndNoCacheExists" />
    </UnitTest>
    <UnitTest name="Dashboard.Tests.Providers.SteamProviderTests.ValidateResponse_ReturnsTrue_ForSteamPlayerData" storage="f:\repos\school\ikt-neu-royaleteam-worldwidedashboard\tests\dashboard.tests\bin\debug\net8.0\dashboard.tests.dll" id="d623dd94-12ec-1dd1-b1ce-21740b2aec3b">
      <Execution id="d7e3ef17-1be4-4b52-a427-48dc94203732" />
      <TestMethod codeBase="F:\REPOS\SCHOOL\ikt-neu-royaleteam-worldwidedashboard\tests\Dashboard.Tests\bin\Debug\net8.0\Dashboard.Tests.dll" adapterTypeName="executor://xunit/VsTestRunner2/netcoreapp" className="Dashboard.Tests.Providers.SteamProviderTests" name="ValidateResponse_ReturnsTrue_ForSteamPlayerData" />
    </UnitTest>
    <UnitTest name="Dashboard.Tests.Core.DashboardManagerTests.GetProvidersByCategory_ReturnsOnlyMatchingProviders" storage="f:\repos\school\ikt-neu-royaleteam-worldwidedashboard\tests\dashboard.tests\bin\debug\net8.0\dashboard.tests.dll" id="bad5fbd0-13fd-09bb-256e-bffbfd57de78">
      <Execution id="9070bcc9-19e8-4dc7-925b-0e6b6baaac36" />
      <TestMethod codeBase="F:\REPOS\SCHOOL\ikt-neu-royaleteam-worldwidedashboard\tests\Dashboard.Tests\bin\Debug\net8.0\Dashboard.Tests.dll" adapterTypeName="executor://xunit/VsTestRunner2/netcoreapp" className="Dashboard.Tests.Core.DashboardManagerTests" name="GetProvidersByCategory_ReturnsOnlyMatchingProviders" />
    </UnitTest>
    <UnitTest name="Dashboard.Tests.Providers.YouTubeProviderTests.ValidateResponse_ReturnsFalse_ForEmptyObject" storage="f:\repos\school\ikt-neu-royaleteam-worldwidedashboard\tests\dashboard.tests\bin\debug\net8.0\dashboard.tests.dll" id="84df0011-bcea-f8cd-346f-e672407770d6">
      <Execution id="d8794444-6599-4f52-b72c-8cbb2c70ee3e" />
      <TestMethod codeBase="F:\REPOS\SCHOOL\ikt-neu-royaleteam-worldwidedashboard\tests\Dashboard.Tests\bin\Debug\net8.0\Dashboard.Tests.dll" adapterTypeName="executor://xunit/VsTestRunner2/netcoreapp" className="Dashboard.Tests.Providers.YouTubeProviderTests" name="ValidateResponse_ReturnsFalse_ForEmptyObject" />
    </UnitTest>
    <UnitTest name="Dashboard.Tests.Providers.PoliticsProviderTests.FetchDataAsync_ReturnsFallbackPresentationData" storage="f:\repos\school\ikt-neu-royaleteam-worldwidedashboard\tests\dashboard.tests\bin\debug\net8.0\dashboard.tests.dll" id="31bdbb36-6dc5-3813-6d3c-2bfb8206449d">
      <Execution id="14ff46a7-aa74-4036-ad77-c238b3113487" />
      <TestMethod codeBase="F:\REPOS\SCHOOL\ikt-neu-royaleteam-worldwidedashboard\tests\Dashboard.Tests\bin\Debug\net8.0\Dashboard.Tests.dll" adapterTypeName="executor://xunit/VsTestRunner2/netcoreapp" className="Dashboard.Tests.Providers.PoliticsProviderTests" name="FetchDataAsync_ReturnsFallbackPresentationData" />
    </UnitTest>
    <UnitTest name="Dashboard.Tests.Core.DataSourceTests.FetchDataAsync_ReturnsConfiguredData" storage="f:\repos\school\ikt-neu-royaleteam-worldwidedashboard\tests\dashboard.tests\bin\debug\net8.0\dashboard.tests.dll" id="5eaeaea9-9101-0c91-8c13-34b75c7200cc">
      <Execution id="a7c6ff1e-58ab-40f8-892f-819ffae57c77" />
      <TestMethod codeBase="F:\REPOS\SCHOOL\ikt-neu-royaleteam-worldwidedashboard\tests\Dashboard.Tests\bin\Debug\net8.0\Dashboard.Tests.dll" adapterTypeName="executor://xunit/VsTestRunner2/netcoreapp" className="Dashboard.Tests.Core.DataSourceTests" name="FetchDataAsync_ReturnsConfiguredData" />
    </UnitTest>
    <UnitTest name="Dashboard.Tests.Providers.YouTubeProviderTests.Metadata_IsCorrect" storage="f:\repos\school\ikt-neu-royaleteam-worldwidedashboard\tests\dashboard.tests\bin\debug\net8.0\dashboard.tests.dll" id="d2df278f-1095-33e6-9ef0-d986d9d40d42">
      <Execution id="e0c6b9fe-764f-4f3b-95ae-bca8d2f3ebb3" />
      <TestMethod codeBase="F:\REPOS\SCHOOL\ikt-neu-royaleteam-worldwidedashboard\tests\Dashboard.Tests\bin\Debug\net8.0\Dashboard.Tests.dll" adapterTypeName="executor://xunit/VsTestRunner2/netcoreapp" className="Dashboard.Tests.Providers.YouTubeProviderTests" name="Metadata_IsCorrect" />
    </UnitTest>
    <UnitTest name="Dashboard.Tests.Providers.YouTubeProviderTests.BuildUrl_ContainsAllChannelIdsAndApiKey" storage="f:\repos\school\ikt-neu-royaleteam-worldwidedashboard\tests\dashboard.tests\bin\debug\net8.0\dashboard.tests.dll" id="8d3780af-5374-fae1-9a28-69e20d66eb0f">
      <Execution id="a76e3ae0-37f9-4d5f-9874-9043a98cd6e1" />
      <TestMethod codeBase="F:\REPOS\SCHOOL\ikt-neu-royaleteam-worldwidedashboard\tests\Dashboard.Tests\bin\Debug\net8.0\Dashboard.Tests.dll" adapterTypeName="executor://xunit/VsTestRunner2/netcoreapp" className="Dashboard.Tests.Providers.YouTubeProviderTests" name="BuildUrl_ContainsAllChannelIdsAndApiKey" />
    </UnitTest>
    <UnitTest name="Dashboard.Tests.Providers.FinanceProviderTests.Metadata_IsCorrect" storage="f:\repos\school\ikt-neu-royaleteam-worldwidedashboard\tests\dashboard.tests\bin\debug\net8.0\dashboard.tests.dll" id="3d1b9bb1-bdea-77ca-b6f8-397c192ef85a">
      <Execution id="fe88ac73-e4a9-4f90-8a05-3634f5334e1c" />
      <TestMethod codeBase="F:\REPOS\SCHOOL\ikt-neu-royaleteam-worldwidedashboard\tests\Dashboard.Tests\bin\Debug\net8.0\Dashboard.Tests.dll" adapterTypeName="executor://xunit/VsTestRunner2/netcoreapp" className="Dashboard.Tests.Providers.FinanceProviderTests" name="Metadata_IsCorrect" />
    </UnitTest>
    <UnitTest name="Dashboard.Tests.Providers.FinanceProviderTests.FetchDataAsync_ReturnsCryptoAndCurrencyData" storage="f:\repos\school\ikt-neu-royaleteam-worldwidedashboard\tests\dashboard.tests\bin\debug\net8.0\dashboard.tests.dll" id="a2805fe4-9180-177c-a879-20163b1fc1d6">
      <Execution id="4bbc8b41-7267-4740-803f-c56ba099fd3a" />
      <TestMethod codeBase="F:\REPOS\SCHOOL\ikt-neu-royaleteam-worldwidedashboard\tests\Dashboard.Tests\bin\Debug\net8.0\Dashboard.Tests.dll" adapterTypeName="executor://xunit/VsTestRunner2/netcoreapp" className="Dashboard.Tests.Providers.FinanceProviderTests" name="FetchDataAsync_ReturnsCryptoAndCurrencyData" />
    </UnitTest>
    <UnitTest name="Dashboard.Tests.Core.DashboardManagerTests.FetchByProviderId_ReturnsNull_WhenProviderDoesNotExist" storage="f:\repos\school\ikt-neu-royaleteam-worldwidedashboard\tests\dashboard.tests\bin\debug\net8.0\dashboard.tests.dll" id="de4242e7-e4b3-35c0-42aa-95f5cf0edc51">
      <Execution id="054530db-122a-4b4d-aaa2-55ee2c70bea2" />
      <TestMethod codeBase="F:\REPOS\SCHOOL\ikt-neu-royaleteam-worldwidedashboard\tests\Dashboard.Tests\bin\Debug\net8.0\Dashboard.Tests.dll" adapterTypeName="executor://xunit/VsTestRunner2/netcoreapp" className="Dashboard.Tests.Core.DashboardManagerTests" name="FetchByProviderId_ReturnsNull_WhenProviderDoesNotExist" />
    </UnitTest>
    <UnitTest name="Dashboard.Tests.Providers.MusicProviderTests.Metadata_IsCorrect" storage="f:\repos\school\ikt-neu-royaleteam-worldwidedashboard\tests\dashboard.tests\bin\debug\net8.0\dashboard.tests.dll" id="6f3b79d1-a234-4664-5323-67656e260e34">
      <Execution id="f884febf-4633-4c8e-885e-75bbd6001b0a" />
      <TestMethod codeBase="F:\REPOS\SCHOOL\ikt-neu-royaleteam-worldwidedashboard\tests\Dashboard.Tests\bin\Debug\net8.0\Dashboard.Tests.dll" adapterTypeName="executor://xunit/VsTestRunner2/netcoreapp" className="Dashboard.Tests.Providers.MusicProviderTests" name="Metadata_IsCorrect" />
    </UnitTest>
    <UnitTest name="Dashboard.Tests.Providers.MusicProviderTests.FetchDataAsync_AssignsRanksStartingFromOne" storage="f:\repos\school\ikt-neu-royaleteam-worldwidedashboard\tests\dashboard.tests\bin\debug\net8.0\dashboard.tests.dll" id="5868f306-7c5e-3784-d77b-c5772359f220">
      <Execution id="2be8c549-95ea-4326-9c21-64b1e5ca56b8" />
      <TestMethod codeBase="F:\REPOS\SCHOOL\ikt-neu-royaleteam-worldwidedashboard\tests\Dashboard.Tests\bin\Debug\net8.0\Dashboard.Tests.dll" adapterTypeName="executor://xunit/VsTestRunner2/netcoreapp" className="Dashboard.Tests.Providers.MusicProviderTests" name="FetchDataAsync_AssignsRanksStartingFromOne" />
    </UnitTest>
    <UnitTest name="Dashboard.Tests.Providers.SteamProviderTests.ValidateResponse_ReturnsFalse_ForInvalidData" storage="f:\repos\school\ikt-neu-royaleteam-worldwidedashboard\tests\dashboard.tests\bin\debug\net8.0\dashboard.tests.dll" id="3dcf526e-2a65-048b-9fbe-b89c649be376">
      <Execution id="58a5b72f-3689-4be1-9ad3-584c026952b0" />
      <TestMethod codeBase="F:\REPOS\SCHOOL\ikt-neu-royaleteam-worldwidedashboard\tests\Dashboard.Tests\bin\Debug\net8.0\Dashboard.Tests.dll" adapterTypeName="executor://xunit/VsTestRunner2/netcoreapp" className="Dashboard.Tests.Providers.SteamProviderTests" name="ValidateResponse_ReturnsFalse_ForInvalidData" />
    </UnitTest>
    <UnitTest name="Dashboard.Tests.Providers.FinanceProviderTests.ValidateResponse_ReturnsTrue_ForFinanceData" storage="f:\repos\school\ikt-neu-royaleteam-worldwidedashboard\tests\dashboard.tests\bin\debug\net8.0\dashboard.tests.dll" id="f7894cd8-0272-bb2b-ffec-13da05b6b696">
      <Execution id="f40faf1a-c644-405a-b350-26e33291975a" />
      <TestMethod codeBase="F:\REPOS\SCHOOL\ikt-neu-royaleteam-worldwidedashboard\tests\Dashboard.Tests\bin\Debug\net8.0\Dashboard.Tests.dll" adapterTypeName="executor://xunit/VsTestRunner2/netcoreapp" className="Dashboard.Tests.Providers.FinanceProviderTests" name="ValidateResponse_ReturnsTrue_ForFinanceData" />
    </UnitTest>
    <UnitTest name="Dashboard.Tests.Core.DashboardManagerTests.FetchByProviderId_ReturnsProviderData_WhenProviderExists" storage="f:\repos\school\ikt-neu-royaleteam-worldwidedashboard\tests\dashboard.tests\bin\debug\net8.0\dashboard.tests.dll" id="253a5782-dd78-2fea-0589-a87a5bed0cde">
      <Execution id="7cf221c4-00de-4564-9269-ad3b66f1fd4d" />
      <TestMethod codeBase="F:\REPOS\SCHOOL\ikt-neu-royaleteam-worldwidedashboard\tests\Dashboard.Tests\bin\Debug\net8.0\Dashboard.Tests.dll" adapterTypeName="executor://xunit/VsTestRunner2/netcoreapp" className="Dashboard.Tests.Core.DashboardManagerTests" name="FetchByProviderId_ReturnsProviderData_WhenProviderExists" />
    </UnitTest>
  </TestDefinitions>
  <TestEntries>
    <TestEntry testId="c9324bc2-ede8-3da2-4f1f-f881511a7e26" executionId="304e20bd-a8e9-455a-954f-2d040b66a517" testListId="8c84fa94-04c1-424b-9868-57a2d4851a1d" />
    <TestEntry testId="eb4aa4c7-b63f-d55e-2f88-d649f72b82b3" executionId="a89c1783-2eee-4c4a-8d44-f1807829f52c" testListId="8c84fa94-04c1-424b-9868-57a2d4851a1d" />
    <TestEntry testId="644590e9-5d45-136f-6b4f-19049d33c132" executionId="d6982d70-1f7b-489f-8ff8-8827a9668f86" testListId="8c84fa94-04c1-424b-9868-57a2d4851a1d" />
    <TestEntry testId="80693743-6a9f-8f6a-8b6b-d07f4cb26ec6" executionId="00285fae-ab08-4ca7-9423-5ed99b93dcbe" testListId="8c84fa94-04c1-424b-9868-57a2d4851a1d" />
    <TestEntry testId="6f3b79d1-a234-4664-5323-67656e260e34" executionId="f884febf-4633-4c8e-885e-75bbd6001b0a" testListId="8c84fa94-04c1-424b-9868-57a2d4851a1d" />
    <TestEntry testId="74fe8ca2-6f8c-1b3a-2909-10731f5d7ff8" executionId="fa6aecb0-0875-436e-81d4-cce372acf706" testListId="8c84fa94-04c1-424b-9868-57a2d4851a1d" />
    <TestEntry testId="8d3780af-5374-fae1-9a28-69e20d66eb0f" executionId="a76e3ae0-37f9-4d5f-9874-9043a98cd6e1" testListId="8c84fa94-04c1-424b-9868-57a2d4851a1d" />
    <TestEntry testId="3dcf526e-2a65-048b-9fbe-b89c649be376" executionId="58a5b72f-3689-4be1-9ad3-584c026952b0" testListId="8c84fa94-04c1-424b-9868-57a2d4851a1d" />
    <TestEntry testId="901dfe9e-6a14-37fa-d122-a9fc520b4902" executionId="608f7bb6-c110-421e-953b-a9e023e94b29" testListId="8c84fa94-04c1-424b-9868-57a2d4851a1d" />
    <TestEntry testId="671968bc-c78b-e643-8133-bf2fffe23208" executionId="1cb4b85d-47d9-4f51-9c8f-ef5e235c46e3" testListId="8c84fa94-04c1-424b-9868-57a2d4851a1d" />
    <TestEntry testId="166d8149-63f4-76ab-12b1-b1b7f5d8a5ba" executionId="67d910b5-8b56-45b0-9ff0-87c78f8c8994" testListId="8c84fa94-04c1-424b-9868-57a2d4851a1d" />
    <TestEntry testId="5868f306-7c5e-3784-d77b-c5772359f220" executionId="2be8c549-95ea-4326-9c21-64b1e5ca56b8" testListId="8c84fa94-04c1-424b-9868-57a2d4851a1d" />
    <TestEntry testId="f7894cd8-0272-bb2b-ffec-13da05b6b696" executionId="f40faf1a-c644-405a-b350-26e33291975a" testListId="8c84fa94-04c1-424b-9868-57a2d4851a1d" />
    <TestEntry testId="8d2396a6-f5bf-b828-0ba4-e25f8f701929" executionId="9091e82f-530c-416a-8215-823dbe71da68" testListId="8c84fa94-04c1-424b-9868-57a2d4851a1d" />
    <TestEntry testId="bad5fbd0-13fd-09bb-256e-bffbfd57de78" executionId="9070bcc9-19e8-4dc7-925b-0e6b6baaac36" testListId="8c84fa94-04c1-424b-9868-57a2d4851a1d" />
    <TestEntry testId="d623dd94-12ec-1dd1-b1ce-21740b2aec3b" executionId="d7e3ef17-1be4-4b52-a427-48dc94203732" testListId="8c84fa94-04c1-424b-9868-57a2d4851a1d" />
    <TestEntry testId="12ce8cb2-9228-b3eb-d2e3-7bc6295abbc4" executionId="f3f86537-f78c-4b02-9bca-9e95401c674a" testListId="8c84fa94-04c1-424b-9868-57a2d4851a1d" />
    <TestEntry testId="de4242e7-e4b3-35c0-42aa-95f5cf0edc51" executionId="054530db-122a-4b4d-aaa2-55ee2c70bea2" testListId="8c84fa94-04c1-424b-9868-57a2d4851a1d" />
    <TestEntry testId="84df0011-bcea-f8cd-346f-e672407770d6" executionId="d8794444-6599-4f52-b72c-8cbb2c70ee3e" testListId="8c84fa94-04c1-424b-9868-57a2d4851a1d" />
    <TestEntry testId="063a29c4-31c5-8a5c-5384-26a2650c2000" executionId="a84ae000-ed1d-4a24-8e47-4ced8e7ab2ae" testListId="8c84fa94-04c1-424b-9868-57a2d4851a1d" />
    <TestEntry testId="31bdbb36-6dc5-3813-6d3c-2bfb8206449d" executionId="14ff46a7-aa74-4036-ad77-c238b3113487" testListId="8c84fa94-04c1-424b-9868-57a2d4851a1d" />
    <TestEntry testId="1310a269-6192-0d53-350e-da87caefcf7c" executionId="aff5f291-a6db-4cb5-8a60-4d1bc6b19f8f" testListId="8c84fa94-04c1-424b-9868-57a2d4851a1d" />
    <TestEntry testId="5eaeaea9-9101-0c91-8c13-34b75c7200cc" executionId="a7c6ff1e-58ab-40f8-892f-819ffae57c77" testListId="8c84fa94-04c1-424b-9868-57a2d4851a1d" />
    <TestEntry testId="253a5782-dd78-2fea-0589-a87a5bed0cde" executionId="7cf221c4-00de-4564-9269-ad3b66f1fd4d" testListId="8c84fa94-04c1-424b-9868-57a2d4851a1d" />
    <TestEntry testId="b45f99ce-fe6f-09bd-7879-db63b6630957" executionId="dd5dcb89-fbd7-4885-a394-e4725c4b36c1" testListId="8c84fa94-04c1-424b-9868-57a2d4851a1d" />
    <TestEntry testId="3d1b9bb1-bdea-77ca-b6f8-397c192ef85a" executionId="fe88ac73-e4a9-4f90-8a05-3634f5334e1c" testListId="8c84fa94-04c1-424b-9868-57a2d4851a1d" />
    <TestEntry testId="e0a0e43c-5604-1ff1-dad5-14ca5a2bda7d" executionId="3018b1ed-8501-4774-9c0a-70fa705e9b39" testListId="8c84fa94-04c1-424b-9868-57a2d4851a1d" />
    <TestEntry testId="75b8c44d-ddf7-8b1b-3268-03539f7d8676" executionId="845a1887-157c-4478-9f2f-bc35f4467fa7" testListId="8c84fa94-04c1-424b-9868-57a2d4851a1d" />
    <TestEntry testId="d2df278f-1095-33e6-9ef0-d986d9d40d42" executionId="e0c6b9fe-764f-4f3b-95ae-bca8d2f3ebb3" testListId="8c84fa94-04c1-424b-9868-57a2d4851a1d" />
    <TestEntry testId="a2805fe4-9180-177c-a879-20163b1fc1d6" executionId="4bbc8b41-7267-4740-803f-c56ba099fd3a" testListId="8c84fa94-04c1-424b-9868-57a2d4851a1d" />
  </TestEntries>
  <TestLists>
    <TestList name="Results Not in a List" id="8c84fa94-04c1-424b-9868-57a2d4851a1d" />
    <TestList name="All Loaded Results" id="19431567-8539-422a-85d7-44ee4e166bda" />
  </TestLists>
  <ResultSummary outcome="Completed">
    <Counters total="30" executed="30" passed="30" failed="0" error="0" timeout="0" aborted="0" inconclusive="0" passedButRunAborted="0" notRunnable="0" notExecuted="0" disconnected="0" warning="0" completed="0" inProgress="0" pending="0" />
    <Output>
      <StdOut>[xUnit.net 00:00:00.00] xUnit.net VSTest Adapter v2.5.6+bf9b858c26 (64-bit .NET 8.0.27)&#xD;
[xUnit.net 00:00:00.04]   Discovering: Dashboard.Tests&#xD;
[xUnit.net 00:00:00.07]   Discovered:  Dashboard.Tests&#xD;
[xUnit.net 00:00:00.07]   Starting:    Dashboard.Tests&#xD;
[xUnit.net 00:00:00.13]   Finished:    Dashboard.Tests&#xD;
</StdOut>
    </Output>
  </ResultSummary>
</TestRun>